2022-07-11 13:29:13 - INFO: 开始加载数据
2022-07-11 13:29:13 - INFO: 加载数据完成
2022-07-11 13:29:13 - INFO: 标签信息: {'B-性能表征': 0, 'B-故障状态': 1, 'B-部件单元': 2, 'I-性能表征': 3, 'I-故障状态': 4, 'I-部件单元': 5, 'O': 6}
2022-07-11 13:29:21 - INFO: epoch: 0
2022-07-11 13:29:21 - INFO: **********Start Training Epoch 0**********
2022-07-11 13:29:21 - INFO: Train Loss Per Batch in Step 0: 1.9343712329864502
2022-07-11 13:29:30 - INFO: Train Loss Per Batch in Step 50: 0.36208561062812805
2022-07-11 13:29:34 - INFO: Train Loss in Epoch 0: 0.44095836775867564
2022-07-11 13:29:34 - INFO: ***************Start Evaluating in Dev Dataset*******************
2022-07-11 13:29:36 - INFO: *****Evaluation Results in Epoch 0*****
2022-07-11 13:29:36 - INFO:  acc: 0.3672 - recall: 0.1960 - f1: 0.2556 - loss: 5.5192 
2022-07-11 13:29:36 - INFO: ***** Entity results in Epoch 0 *****
2022-07-11 13:29:36 - INFO: 性能表征
2022-07-11 13:29:36 - INFO:  acc: 0.0000 - recall: 0.0000 - f1: 0.0000 
2022-07-11 13:29:36 - INFO: 故障状态
2022-07-11 13:29:36 - INFO:  acc: 0.3692 - recall: 0.2157 - f1: 0.2723 
2022-07-11 13:29:36 - INFO: 部件单元
2022-07-11 13:29:36 - INFO:  acc: 0.3653 - recall: 0.1922 - f1: 0.2519 
2022-07-11 13:29:37 - INFO: epoch: 1
2022-07-11 13:29:37 - INFO: **********Start Training Epoch 1**********
2022-07-11 13:29:37 - INFO: Train Loss Per Batch in Step 0: 0.25813642144203186
2022-07-11 13:29:46 - INFO: Train Loss Per Batch in Step 50: 0.24195067584514618
2022-07-11 13:29:50 - INFO: Train Loss in Epoch 1: 0.2510147290794473
2022-07-11 13:29:50 - INFO: ***************Start Evaluating in Dev Dataset*******************
2022-07-11 13:29:52 - INFO: *****Evaluation Results in Epoch 1*****
2022-07-11 13:29:52 - INFO:  acc: 0.4216 - recall: 0.1920 - f1: 0.2638 - loss: 4.8264 
2022-07-11 13:29:52 - INFO: ***** Entity results in Epoch 1 *****
2022-07-11 13:29:52 - INFO: 性能表征
2022-07-11 13:29:52 - INFO:  acc: 0.0000 - recall: 0.0000 - f1: 0.0000 
2022-07-11 13:29:52 - INFO: 故障状态
2022-07-11 13:29:52 - INFO:  acc: 0.4678 - recall: 0.1798 - f1: 0.2597 
2022-07-11 13:29:52 - INFO: 部件单元
2022-07-11 13:29:52 - INFO:  acc: 0.3936 - recall: 0.2155 - f1: 0.2785 
2022-07-11 13:29:53 - INFO: epoch: 2
2022-07-11 13:29:53 - INFO: **********Start Training Epoch 2**********
2022-07-11 13:29:54 - INFO: Train Loss Per Batch in Step 0: 0.1795574575662613
2022-07-11 13:30:03 - INFO: Train Loss Per Batch in Step 50: 0.21897806227207184
2022-07-11 13:30:07 - INFO: Train Loss in Epoch 2: 0.2184309055538554
2022-07-11 13:30:07 - INFO: ***************Start Evaluating in Dev Dataset*******************
2022-07-11 13:30:09 - INFO: *****Evaluation Results in Epoch 2*****
2022-07-11 13:30:09 - INFO:  acc: 0.3971 - recall: 0.2794 - f1: 0.3280 - loss: 4.7444 
2022-07-11 13:30:09 - INFO: ***** Entity results in Epoch 2 *****
2022-07-11 13:30:09 - INFO: 性能表征
2022-07-11 13:30:09 - INFO:  acc: 1.0000 - recall: 0.0286 - f1: 0.0556 
2022-07-11 13:30:09 - INFO: 故障状态
2022-07-11 13:30:09 - INFO:  acc: 0.3502 - recall: 0.2337 - f1: 0.2803 
2022-07-11 13:30:09 - INFO: 部件单元
2022-07-11 13:30:09 - INFO:  acc: 0.4303 - recall: 0.3359 - f1: 0.3773 
2022-07-11 13:30:11 - INFO: epoch: 3
2022-07-11 13:30:11 - INFO: **********Start Training Epoch 3**********
2022-07-11 13:30:11 - INFO: Train Loss Per Batch in Step 0: 0.17043918371200562
2022-07-11 13:30:20 - INFO: Train Loss Per Batch in Step 50: 0.18344362080097198
2022-07-11 13:30:25 - INFO: Train Loss in Epoch 3: 0.1989898697326058
2022-07-11 13:30:25 - INFO: ***************Start Evaluating in Dev Dataset*******************
2022-07-11 13:30:27 - INFO: *****Evaluation Results in Epoch 3*****
2022-07-11 13:30:27 - INFO:  acc: 0.4625 - recall: 0.2543 - f1: 0.3281 - loss: 4.8098 
2022-07-11 13:30:27 - INFO: ***** Entity results in Epoch 3 *****
2022-07-11 13:30:27 - INFO: 性能表征
2022-07-11 13:30:27 - INFO:  acc: 0.6250 - recall: 0.1429 - f1: 0.2326 
2022-07-11 13:30:27 - INFO: 故障状态
2022-07-11 13:30:27 - INFO:  acc: 0.4786 - recall: 0.2517 - f1: 0.3299 
2022-07-11 13:30:27 - INFO: 部件单元
2022-07-11 13:30:27 - INFO:  acc: 0.4459 - recall: 0.2641 - f1: 0.3317 
2022-07-11 13:30:28 - INFO: epoch: 4
2022-07-11 13:30:28 - INFO: **********Start Training Epoch 4**********
2022-07-11 13:30:28 - INFO: Train Loss Per Batch in Step 0: 0.1619284600019455
2022-07-11 13:30:37 - INFO: Train Loss Per Batch in Step 50: 0.21473726630210876
2022-07-11 13:30:42 - INFO: Train Loss in Epoch 4: 0.1831718400905007
2022-07-11 13:30:42 - INFO: ***************Start Evaluating in Dev Dataset*******************
2022-07-11 13:30:43 - INFO: *****Evaluation Results in Epoch 4*****
2022-07-11 13:30:43 - INFO:  acc: 0.4602 - recall: 0.2844 - f1: 0.3516 - loss: 4.9672 
2022-07-11 13:30:43 - INFO: ***** Entity results in Epoch 4 *****
2022-07-11 13:30:43 - INFO: 性能表征
2022-07-11 13:30:43 - INFO:  acc: 0.8750 - recall: 0.2000 - f1: 0.3256 
2022-07-11 13:30:43 - INFO: 故障状态
2022-07-11 13:30:43 - INFO:  acc: 0.4409 - recall: 0.2517 - f1: 0.3205 
2022-07-11 13:30:43 - INFO: 部件单元
2022-07-11 13:30:43 - INFO:  acc: 0.4646 - recall: 0.3184 - f1: 0.3779 
2022-07-11 13:30:45 - INFO: epoch: 5
2022-07-11 13:30:45 - INFO: **********Start Training Epoch 5**********
2022-07-11 13:30:45 - INFO: Train Loss Per Batch in Step 0: 0.13634563982486725
2022-07-11 13:30:55 - INFO: Train Loss Per Batch in Step 50: 0.1437157541513443
2022-07-11 13:30:59 - INFO: Train Loss in Epoch 5: 0.16793531346085824
2022-07-11 13:30:59 - INFO: ***************Start Evaluating in Dev Dataset*******************
2022-07-11 13:31:01 - INFO: *****Evaluation Results in Epoch 5*****
2022-07-11 13:31:01 - INFO:  acc: 0.4743 - recall: 0.2784 - f1: 0.3509 - loss: 5.3280 
2022-07-11 13:31:01 - INFO: ***** Entity results in Epoch 5 *****
2022-07-11 13:31:01 - INFO: 性能表征
2022-07-11 13:31:01 - INFO:  acc: 0.5294 - recall: 0.2571 - f1: 0.3462 
2022-07-11 13:31:01 - INFO: 故障状态
2022-07-11 13:31:01 - INFO:  acc: 0.4449 - recall: 0.2539 - f1: 0.3233 
2022-07-11 13:31:01 - INFO: 部件单元
2022-07-11 13:31:01 - INFO:  acc: 0.4952 - recall: 0.3010 - f1: 0.3744 
2022-07-11 13:31:01 - INFO: epoch: 6
2022-07-11 13:31:01 - INFO: **********Start Training Epoch 6**********
2022-07-11 13:31:01 - INFO: Train Loss Per Batch in Step 0: 0.16529880464076996
2022-07-11 13:31:10 - INFO: Train Loss Per Batch in Step 50: 0.1884770393371582
2022-07-11 13:31:15 - INFO: Train Loss in Epoch 6: 0.15763987708640725
2022-07-11 13:31:15 - INFO: ***************Start Evaluating in Dev Dataset*******************
2022-07-11 13:31:16 - INFO: *****Evaluation Results in Epoch 6*****
2022-07-11 13:31:16 - INFO:  acc: 0.4168 - recall: 0.2995 - f1: 0.3485 - loss: 5.8978 
2022-07-11 13:31:16 - INFO: ***** Entity results in Epoch 6 *****
2022-07-11 13:31:16 - INFO: 性能表征
2022-07-11 13:31:16 - INFO:  acc: 0.4800 - recall: 0.3429 - f1: 0.4000 
2022-07-11 13:31:16 - INFO: 故障状态
2022-07-11 13:31:16 - INFO:  acc: 0.3925 - recall: 0.2584 - f1: 0.3117 
2022-07-11 13:31:16 - INFO: 部件单元
2022-07-11 13:31:16 - INFO:  acc: 0.4307 - recall: 0.3320 - f1: 0.3750 
2022-07-11 13:31:16 - INFO: epoch: 7
2022-07-11 13:31:16 - INFO: **********Start Training Epoch 7**********
2022-07-11 13:31:16 - INFO: Train Loss Per Batch in Step 0: 0.153633713722229
2022-07-11 13:31:26 - INFO: Train Loss Per Batch in Step 50: 0.12617965042591095
2022-07-11 13:31:31 - INFO: Train Loss in Epoch 7: 0.14852311413146949
2022-07-11 13:31:31 - INFO: ***************Start Evaluating in Dev Dataset*******************
2022-07-11 13:31:32 - INFO: *****Evaluation Results in Epoch 7*****
2022-07-11 13:31:32 - INFO:  acc: 0.3768 - recall: 0.3337 - f1: 0.3539 - loss: 5.8587 
2022-07-11 13:31:32 - INFO: ***** Entity results in Epoch 7 *****
2022-07-11 13:31:32 - INFO: 性能表征
2022-07-11 13:31:32 - INFO:  acc: 0.6667 - recall: 0.3429 - f1: 0.4528 
2022-07-11 13:31:32 - INFO: 故障状态
2022-07-11 13:31:32 - INFO:  acc: 0.3595 - recall: 0.3191 - f1: 0.3381 
2022-07-11 13:31:32 - INFO: 部件单元
2022-07-11 13:31:32 - INFO:  acc: 0.3803 - recall: 0.3456 - f1: 0.3622 
2022-07-11 13:31:34 - INFO: epoch: 8
2022-07-11 13:31:34 - INFO: **********Start Training Epoch 8**********
2022-07-11 13:31:34 - INFO: Train Loss Per Batch in Step 0: 0.13800278306007385
2022-07-11 13:31:43 - INFO: Train Loss Per Batch in Step 50: 0.13565893471240997
2022-07-11 13:31:47 - INFO: Train Loss in Epoch 8: 0.14423679364354988
2022-07-11 13:31:47 - INFO: ***************Start Evaluating in Dev Dataset*******************
2022-07-11 13:31:49 - INFO: *****Evaluation Results in Epoch 8*****
2022-07-11 13:31:49 - INFO:  acc: 0.3546 - recall: 0.2794 - f1: 0.3125 - loss: 5.8394 
2022-07-11 13:31:49 - INFO: ***** Entity results in Epoch 8 *****
2022-07-11 13:31:49 - INFO: 性能表征
2022-07-11 13:31:49 - INFO:  acc: 0.5000 - recall: 0.3143 - f1: 0.3860 
2022-07-11 13:31:49 - INFO: 故障状态
2022-07-11 13:31:49 - INFO:  acc: 0.3243 - recall: 0.2674 - f1: 0.2931 
2022-07-11 13:31:49 - INFO: 部件单元
2022-07-11 13:31:49 - INFO:  acc: 0.3747 - recall: 0.2874 - f1: 0.3253 
2022-07-11 13:31:49 - INFO: epoch: 9
2022-07-11 13:31:49 - INFO: **********Start Training Epoch 9**********
2022-07-11 13:31:49 - INFO: Train Loss Per Batch in Step 0: 0.14708593487739563
2022-07-11 13:31:58 - INFO: Train Loss Per Batch in Step 50: 0.14970606565475464
2022-07-11 13:32:03 - INFO: Train Loss in Epoch 9: 0.1426140520917742
2022-07-11 13:32:03 - INFO: ***************Start Evaluating in Dev Dataset*******************
2022-07-11 13:32:04 - INFO: *****Evaluation Results in Epoch 9*****
2022-07-11 13:32:04 - INFO:  acc: 0.3815 - recall: 0.3106 - f1: 0.3424 - loss: 7.2498 
2022-07-11 13:32:04 - INFO: ***** Entity results in Epoch 9 *****
2022-07-11 13:32:04 - INFO: 性能表征
2022-07-11 13:32:04 - INFO:  acc: 0.4000 - recall: 0.3429 - f1: 0.3692 
2022-07-11 13:32:04 - INFO: 故障状态
2022-07-11 13:32:04 - INFO:  acc: 0.3380 - recall: 0.2742 - f1: 0.3027 
2022-07-11 13:32:04 - INFO: 部件单元
2022-07-11 13:32:04 - INFO:  acc: 0.4177 - recall: 0.3398 - f1: 0.3747 
2022-07-11 13:32:04 - INFO: Start Predicting...
2022-07-11 13:32:06 - INFO: Predicting Done.
2022-07-11 13:32:06 - INFO: Predict result save to ./predict_results/ccl-predict.txt
