2022-07-10 08:42:44 - INFO: epoch: 0
2022-07-10 08:42:44 - INFO: **********Start Training Epoch 0**********
2022-07-10 08:42:44 - INFO: Train Loss Per Batch: 3.479724168777466
2022-07-10 08:42:49 - INFO: Train Loss Per Batch: 0.785687267780304
2022-07-10 08:42:54 - INFO: Train Loss Per Batch: 0.40221768617630005
2022-07-10 08:42:58 - INFO: Train Loss Per Batch: 0.21882429718971252
2022-07-10 08:43:03 - INFO: Train Loss Per Batch: 0.24286900460720062
2022-07-10 08:43:08 - INFO: Train Loss Per Batch: 0.17263051867485046
2022-07-10 08:43:12 - INFO: Train Loss Per Batch: 0.3274271786212921
2022-07-10 08:43:16 - INFO: Train Loss in Epoch 0: 0.47162091669936973
2022-07-10 08:43:16 - INFO: ***************Start Evaluating in Dev Dataset*******************
2022-07-10 08:43:18 - INFO: *****Evaluation Results in Epoch 0*****
2022-07-10 08:43:18 - INFO:  acc: 0.7350 - recall: 0.7491 - f1: 0.7420 - loss: 9.3411 
2022-07-10 08:43:18 - INFO: ***** Entity results in Epoch 0 *****
2022-07-10 08:43:18 - INFO: address
2022-07-10 08:43:18 - INFO:  acc: 0.5547 - recall: 0.6316 - f1: 0.5907 
2022-07-10 08:43:18 - INFO: book
2022-07-10 08:43:18 - INFO:  acc: 0.7821 - recall: 0.8026 - f1: 0.7922 
2022-07-10 08:43:18 - INFO: company
2022-07-10 08:43:18 - INFO:  acc: 0.7157 - recall: 0.7842 - f1: 0.7484 
2022-07-10 08:43:18 - INFO: game
2022-07-10 08:43:18 - INFO:  acc: 0.7458 - recall: 0.7692 - f1: 0.7573 
2022-07-10 08:43:18 - INFO: government
2022-07-10 08:43:18 - INFO:  acc: 0.7795 - recall: 0.8115 - f1: 0.7952 
2022-07-10 08:43:18 - INFO: movie
2022-07-10 08:43:18 - INFO:  acc: 0.7829 - recall: 0.6733 - f1: 0.7240 
2022-07-10 08:43:18 - INFO: name
2022-07-10 08:43:18 - INFO:  acc: 0.7960 - recall: 0.8874 - f1: 0.8392 
2022-07-10 08:43:18 - INFO: organization
2022-07-10 08:43:18 - INFO:  acc: 0.7341 - recall: 0.7085 - f1: 0.7211 
2022-07-10 08:43:18 - INFO: position
2022-07-10 08:43:18 - INFO:  acc: 0.8184 - recall: 0.7335 - f1: 0.7736 
2022-07-10 08:43:18 - INFO: scene
2022-07-10 08:43:18 - INFO:  acc: 0.6897 - recall: 0.6030 - f1: 0.6434 
2022-07-10 08:43:18 - INFO: epoch: 1
2022-07-10 08:43:18 - INFO: **********Start Training Epoch 1**********
2022-07-10 08:43:19 - INFO: Train Loss Per Batch: 0.25322115421295166
2022-07-10 08:43:23 - INFO: Train Loss Per Batch: 0.18456320464611053
2022-07-10 08:43:28 - INFO: Train Loss Per Batch: 0.20780596137046814
2022-07-10 08:43:32 - INFO: Train Loss Per Batch: 0.28313183784484863
2022-07-10 08:43:37 - INFO: Train Loss Per Batch: 0.1831890046596527
2022-07-10 08:43:42 - INFO: Train Loss Per Batch: 0.2294003665447235
2022-07-10 08:43:47 - INFO: Train Loss Per Batch: 0.22034789621829987
2022-07-10 08:43:50 - INFO: Train Loss in Epoch 1: 0.19504380237222427
2022-07-10 08:43:50 - INFO: ***************Start Evaluating in Dev Dataset*******************
2022-07-10 08:43:52 - INFO: *****Evaluation Results in Epoch 1*****
2022-07-10 08:43:52 - INFO:  acc: 0.7485 - recall: 0.7710 - f1: 0.7596 - loss: 9.3112 
2022-07-10 08:43:52 - INFO: ***** Entity results in Epoch 1 *****
2022-07-10 08:43:52 - INFO: address
2022-07-10 08:43:52 - INFO:  acc: 0.6331 - recall: 0.5402 - f1: 0.5830 
2022-07-10 08:43:52 - INFO: book
2022-07-10 08:43:52 - INFO:  acc: 0.7785 - recall: 0.7632 - f1: 0.7708 
2022-07-10 08:43:52 - INFO: company
2022-07-10 08:43:52 - INFO:  acc: 0.7716 - recall: 0.7568 - f1: 0.7641 
2022-07-10 08:43:52 - INFO: game
2022-07-10 08:43:52 - INFO:  acc: 0.7066 - recall: 0.8671 - f1: 0.7786 
2022-07-10 08:43:52 - INFO: government
2022-07-10 08:43:52 - INFO:  acc: 0.7413 - recall: 0.8689 - f1: 0.8000 
2022-07-10 08:43:52 - INFO: movie
2022-07-10 08:43:52 - INFO:  acc: 0.8843 - recall: 0.7133 - f1: 0.7897 
2022-07-10 08:43:52 - INFO: name
2022-07-10 08:43:52 - INFO:  acc: 0.8559 - recall: 0.8694 - f1: 0.8626 
2022-07-10 08:43:52 - INFO: organization
2022-07-10 08:43:52 - INFO:  acc: 0.7074 - recall: 0.7259 - f1: 0.7165 
2022-07-10 08:43:52 - INFO: position
2022-07-10 08:43:52 - INFO:  acc: 0.7958 - recall: 0.7995 - f1: 0.7976 
2022-07-10 08:43:52 - INFO: scene
2022-07-10 08:43:52 - INFO:  acc: 0.6275 - recall: 0.8040 - f1: 0.7048 
2022-07-10 08:43:54 - INFO: Start Predicting...
2022-07-10 08:43:56 - INFO: Predicting Done.
2022-07-10 08:43:56 - INFO: Predict result save to ./predict_results/predict.txt
